[INFO ] 2023-07-25 16:16:55.706 [main] DemoQaTest - Initializing WebDriver
[INFO ] 2023-07-25 16:17:09.705 [main] WeatherShopperTest - Initializing WebDriver
[INFO ] 2023-07-25 16:17:14.723 [TestNG-test=test1-1] DemoQaTest - Verifying the browser window button
[INFO ] 2023-07-25 16:17:14.927 [TestNG-test=test1-2] WeatherShopperTest - Test method: testVerifyTitlePage _ SUCCESS
[INFO ] 2023-07-25 16:17:15.730 [TestNG-test=test1-1] DemoQaTest - Test method: testBrowserWindowsBtn _ SUCCESS
[INFO ] 2023-07-25 16:17:15.731 [TestNG-test=test1-1] DemoQaTest - Navigating to the frames page
[INFO ] 2023-07-25 16:17:15.925 [TestNG-test=test1-2] WeatherShopperTest - Test method: testVerifyCurrentTemperature _ SUCCESS
[INFO ] 2023-07-25 16:17:33.620 [TestNG-test=test1-1] DemoQaTest - Test method: testFrame _ SUCCESS
[INFO ] 2023-07-25 16:17:33.621 [TestNG-test=test1-1] DemoQaTest - Navigating to the date picker page
[INFO ] 2023-07-25 16:17:33.790 [TestNG-test=test1-2] WeatherShopperTest - Test method: testVerifySunscreenText _ SUCCESS
[INFO ] 2023-07-25 16:17:41.727 [TestNG-test=test1-1] DemoQaTest - Test method: testDatePicker _ SUCCESS
[INFO ] 2023-07-25 16:17:41.728 [TestNG-test=test1-1] DemoQaTest - Navigating to the menu page
[INFO ] 2023-07-25 16:17:41.887 [TestNG-test=test1-2] WeatherShopperTest - Test method: testVerifyMoisturizerText _ SUCCESS
[INFO ] 2023-07-25 16:17:43.712 [TestNG-test=test1-1] DemoQaTest - Test method: testMenu _ SUCCESS
[INFO ] 2023-07-25 16:17:47.240 [TestNG-test=test1-1] WeatherShopperTest - Test method: addProductToCart _ SUCCESS
[INFO ] 2023-07-25 16:17:49.388 [TestNG-test=test1-1] WeatherShopperTest - Test method: testVerifyNoOfItemsInCart _ SUCCESS
[INFO ] 2023-07-25 16:17:57.178 [TestNG-test=test1-1] WeatherShopperTest - Test method: testCartPage _ SUCCESS
[INFO ] 2023-07-25 16:17:57.443 [TestNG-test=test1-1] WeatherShopperTest - Test method: testPaymentSuccessPage _ SUCCESS
[INFO ] 2023-07-25 16:17:58.172 [main] DemoQaTest - Closing WebDriver
[INFO ] 2023-07-25 16:17:58.503 [main] WeatherShopperTest - Closing WebDriver
[INFO ] 2023-07-25 16:17:58.505 [main] DemoQaTest - Initializing WebDriver
[INFO ] 2023-07-25 16:18:09.849 [main] WeatherShopperTest - Initializing WebDriver
[INFO ] 2023-07-25 16:18:14.774 [TestNG-test=test2-1] DemoQaTest - Verifying the browser window button
[INFO ] 2023-07-25 16:18:14.958 [TestNG-test=test2-2] WeatherShopperTest - Test method: testVerifyTitlePage _ SUCCESS
[INFO ] 2023-07-25 16:18:15.795 [TestNG-test=test2-1] DemoQaTest - Test method: testBrowserWindowsBtn _ SUCCESS
[INFO ] 2023-07-25 16:18:15.797 [TestNG-test=test2-1] DemoQaTest - Navigating to the frames page
[INFO ] 2023-07-25 16:18:15.979 [TestNG-test=test2-2] WeatherShopperTest - Test method: testVerifyCurrentTemperature _ SUCCESS
[INFO ] 2023-07-25 16:18:35.469 [TestNG-test=test2-1] DemoQaTest - Test method: testFrame _ SUCCESS
[INFO ] 2023-07-25 16:18:35.470 [TestNG-test=test2-1] DemoQaTest - Navigating to the date picker page
[INFO ] 2023-07-25 16:18:35.597 [TestNG-test=test2-2] WeatherShopperTest - Test method: testVerifySunscreenText _ SUCCESS
[INFO ] 2023-07-25 16:18:42.484 [TestNG-test=test2-1] DemoQaTest - Test method: testDatePicker _ SUCCESS
[INFO ] 2023-07-25 16:18:42.485 [TestNG-test=test2-1] DemoQaTest - Navigating to the menu page
[INFO ] 2023-07-25 16:18:42.628 [TestNG-test=test2-2] WeatherShopperTest - Test method: testVerifyMoisturizerText _ SUCCESS
[INFO ] 2023-07-25 16:18:47.676 [TestNG-test=test2-1] DemoQaTest - Test method: testMenu _ SUCCESS
[INFO ] 2023-07-25 16:18:53.323 [TestNG-test=test2-1] WeatherShopperTest - Test method: addProductToCart _ SUCCESS
[INFO ] 2023-07-25 16:18:55.460 [TestNG-test=test2-1] WeatherShopperTest - Test method: testVerifyNoOfItemsInCart _ SUCCESS
[INFO ] 2023-07-25 16:19:00.747 [TestNG-test=test2-1] WeatherShopperTest - Test method: testCartPage _ SUCCESS
[INFO ] 2023-07-25 16:19:01.059 [TestNG-test=test2-1] WeatherShopperTest - Test method: testPaymentSuccessPage _ SUCCESS
[INFO ] 2023-07-25 16:19:01.568 [main] DemoQaTest - Closing WebDriver
[INFO ] 2023-07-25 16:19:01.903 [main] WeatherShopperTest - Closing WebDriver
[INFO ] 2023-07-25 16:29:15.713 [main] DemoQaTest - Initializing WebDriver
[INFO ] 2023-07-25 16:29:27.662 [main] DemoQaTest - Navigating to the frames page
[INFO ] 2023-07-25 16:29:45.642 [main] DemoQaTest - Test method: testFrame _ FAILURE
[INFO ] 2023-07-25 16:29:46.158 [main] DemoQaTest - Closing WebDriver
[INFO ] 2023-07-25 16:32:04.753 [main] DemoQaTest - Initializing WebDriver
[INFO ] 2023-07-25 16:32:18.768 [main] DemoQaTest - Navigating to the frames page
[INFO ] 2023-07-25 16:32:36.362 [main] DemoQaTest - Test method: testFrame _ SUCCESS
[INFO ] 2023-07-25 16:32:36.895 [main] DemoQaTest - Closing WebDriver
[INFO ] 2023-07-25 16:34:21.767 [main] DemoQaTest - Initializing WebDriver
[INFO ] 2023-07-25 16:34:32.938 [main] DemoQaTest - Navigating to the frames page
[INFO ] 2023-07-25 16:34:35.316 [main] DemoQaTest - Test method: testFrame _ SUCCESS
[INFO ] 2023-07-25 16:34:35.810 [main] DemoQaTest - Closing WebDriver
[INFO ] 2023-07-25 16:37:03.462 [main] DemoQaTest - Initializing WebDriver
[INFO ] 2023-07-25 16:37:16.147 [main] DemoQaTest - Navigating to the frames page
[INFO ] 2023-07-25 16:37:34.400 [main] DemoQaTest - Test method: testFrame _ FAILURE
[INFO ] 2023-07-25 16:37:35.055 [main] DemoQaTest - Closing WebDriver
[INFO ] 2023-07-25 16:46:00.594 [main] DemoQaTest - Initializing WebDriver
[INFO ] 2023-07-25 16:46:14.288 [main] DemoQaTest - Navigating to the frames page
[INFO ] 2023-07-25 16:46:19.531 [main] DemoQaTest - Test method: testFrame _ SUCCESS
[INFO ] 2023-07-25 16:46:20.143 [main] DemoQaTest - Closing WebDriver
[INFO ] 2023-07-25 18:14:25.019 [main] WeatherShopperTest - Initializing WebDriver
[INFO ] 2023-07-25 18:14:33.570 [main] WeatherShopperTest - Test method: testVerifyTitlePage _ SUCCESS
[INFO ] 2023-07-25 18:14:33.741 [main] WeatherShopperTest - Test method: testVerifyCurrentTemperature _ SUCCESS
[INFO ] 2023-07-25 18:14:33.898 [main] WeatherShopperTest - Test method: testVerifySunscreenText _ SUCCESS
[INFO ] 2023-07-25 18:14:34.048 [main] WeatherShopperTest - Test method: testVerifyMoisturizerText _ SUCCESS
[INFO ] 2023-07-25 18:14:39.703 [main] WeatherShopperTest - Test method: addProductToCart _ SUCCESS
[INFO ] 2023-07-25 18:14:41.904 [main] WeatherShopperTest - Test method: testVerifyNoOfItemsInCart _ SUCCESS
[INFO ] 2023-07-25 18:14:47.746 [main] WeatherShopperTest - Test method: testCartPage _ SUCCESS
[INFO ] 2023-07-25 18:14:48.026 [main] WeatherShopperTest - Test method: testPaymentSuccessPage _ SUCCESS
[INFO ] 2023-07-25 18:14:48.837 [main] WeatherShopperTest - Closing WebDriver
[INFO ] 2023-07-25 18:54:37.959 [main] DemoQaTest - Initializing WebDriver
[INFO ] 2023-07-25 18:54:50.284 [main] DemoQaTest - Navigating to the frames page
[INFO ] 2023-07-25 18:55:07.821 [main] DemoQaTest - Test method: testFrame _ FAILURE
[INFO ] 2023-07-25 18:55:08.469 [main] DemoQaTest - Closing WebDriver
[INFO ] 2023-07-25 18:56:34.409 [main] DemoQaTest - Initializing WebDriver
[INFO ] 2023-07-25 18:56:46.496 [main] DemoQaTest - Navigating to the frames page
[INFO ] 2023-07-25 18:57:04.408 [main] DemoQaTest - Test method: testFrame _ FAILURE
[INFO ] 2023-07-25 18:57:05.104 [main] DemoQaTest - Closing WebDriver
[INFO ] 2023-07-25 19:01:37.267 [main] DemoQaTest - Initializing WebDriver
[INFO ] 2023-07-25 19:01:49.062 [main] DemoQaTest - Navigating to the frames page
[INFO ] 2023-07-25 19:02:07.370 [main] DemoQaTest - Test method: testFrame _ FAILURE
[INFO ] 2023-07-25 19:02:08.107 [main] DemoQaTest - Closing WebDriver
[INFO ] 2023-07-25 19:03:46.295 [main] DemoQaTest - Initializing WebDriver
[INFO ] 2023-07-25 19:03:58.431 [main] DemoQaTest - Navigating to the frames page
[INFO ] 2023-07-25 19:04:02.017 [main] DemoQaTest - Test method: testFrame _ SUCCESS
[INFO ] 2023-07-25 19:04:02.746 [main] DemoQaTest - Closing WebDriver
[INFO ] 2023-07-25 19:50:09.637 [main] WeatherShopperTest - Initializing WebDriver
[INFO ] 2023-07-25 19:50:44.684 [main] WeatherShopperTest - Test method: testVerifyTitlePage _ SUCCESS
[INFO ] 2023-07-25 19:50:44.834 [main] WeatherShopperTest - Test method: testVerifyCurrentTemperature _ SUCCESS
[INFO ] 2023-07-25 19:50:44.951 [main] WeatherShopperTest - Test method: testVerifySunscreenText _ SUCCESS
[INFO ] 2023-07-25 19:50:45.067 [main] WeatherShopperTest - Test method: testVerifyMoisturizerText _ SUCCESS
[INFO ] 2023-07-25 19:50:55.233 [main] WeatherShopperTest - Test method: addProductToCart _ SUCCESS
[INFO ] 2023-07-25 19:50:57.380 [main] WeatherShopperTest - Test method: testVerifyNoOfItemsInCart _ SUCCESS
[INFO ] 2023-07-25 19:51:08.053 [main] WeatherShopperTest - Test method: testCartPage _ SUCCESS
[INFO ] 2023-07-25 19:51:08.368 [main] WeatherShopperTest - Test method: testPaymentSuccessPage _ SUCCESS
[INFO ] 2023-07-25 19:51:09.024 [main] WeatherShopperTest - Closing WebDriver
